d:\workspace\micrium\ucos-vs2017\microsoft\windows\kernel\os3\vs\debug\vc141.pdb
d:\workspace\micrium\ucos-vs2017\microsoft\windows\kernel\os3\vs\debug\vc141.idb
d:\workspace\micrium\ucos-vs2017\microsoft\windows\kernel\os3\vs\debug\os_task.obj
d:\workspace\micrium\ucos-vs2017\microsoft\windows\kernel\os3\vs\debug\os_stat.obj
d:\workspace\micrium\ucos-vs2017\microsoft\windows\kernel\os3\vs\debug\os_sem.obj
d:\workspace\micrium\ucos-vs2017\microsoft\windows\kernel\os3\vs\debug\os_q.obj
d:\workspace\micrium\ucos-vs2017\microsoft\windows\kernel\os3\vs\debug\os_prio.obj
d:\workspace\micrium\ucos-vs2017\microsoft\windows\kernel\os3\vs\debug\os_mutex.obj
d:\workspace\micrium\ucos-vs2017\microsoft\windows\kernel\os3\vs\debug\os_msg.obj
d:\workspace\micrium\ucos-vs2017\microsoft\windows\kernel\os3\vs\debug\os_mon.obj
d:\workspace\micrium\ucos-vs2017\microsoft\windows\kernel\os3\vs\debug\os_mem.obj
d:\workspace\micrium\ucos-vs2017\microsoft\windows\kernel\os3\vs\debug\os_flag.obj
d:\workspace\micrium\ucos-vs2017\microsoft\windows\kernel\os3\vs\debug\os_dbg.obj
d:\workspace\micrium\ucos-vs2017\microsoft\windows\kernel\os3\vs\debug\os_core.obj
d:\workspace\micrium\ucos-vs2017\microsoft\windows\kernel\os3\vs\debug\os_cfg_app.obj
d:\workspace\micrium\ucos-vs2017\microsoft\windows\kernel\os3\vs\debug\os_cpu_c.obj
d:\workspace\micrium\ucos-vs2017\microsoft\windows\kernel\os3\vs\debug\lib_str.obj
d:\workspace\micrium\ucos-vs2017\microsoft\windows\kernel\os3\vs\debug\lib_mem.obj
d:\workspace\micrium\ucos-vs2017\microsoft\windows\kernel\os3\vs\debug\lib_math.obj
d:\workspace\micrium\ucos-vs2017\microsoft\windows\kernel\os3\vs\debug\lib_ascii.obj
d:\workspace\micrium\ucos-vs2017\microsoft\windows\kernel\os3\vs\debug\cpu_c.obj
d:\workspace\micrium\ucos-vs2017\microsoft\windows\kernel\os3\vs\debug\cpu_core.obj
d:\workspace\micrium\ucos-vs2017\microsoft\windows\kernel\os3\vs\debug\os_app_hooks.obj
d:\workspace\micrium\ucos-vs2017\microsoft\windows\kernel\os3\vs\debug\main.obj
d:\workspace\micrium\ucos-vs2017\microsoft\windows\kernel\os3\vs\debug\bsp_cpu.obj
d:\workspace\micrium\ucos-vs2017\microsoft\windows\kernel\os3\vs\debug\os_var.obj
d:\workspace\micrium\ucos-vs2017\microsoft\windows\kernel\os3\vs\debug\os_tmr.obj
d:\workspace\micrium\ucos-vs2017\microsoft\windows\kernel\os3\vs\debug\os_time.obj
d:\workspace\micrium\ucos-vs2017\microsoft\windows\kernel\os3\vs\debug\os_tick.obj
d:\workspace\micrium\ucos-vs2017\microsoft\windows\kernel\os3\vs\debug\os3.ilk
d:\workspace\micrium\ucos-vs2017\microsoft\windows\kernel\os3\vs\debug\os3.exe
d:\workspace\micrium\ucos-vs2017\microsoft\windows\kernel\os3\vs\debug\os3.pdb
d:\workspace\micrium\ucos-vs2017\microsoft\windows\kernel\os3\vs\debug\os3.tlog\cl.command.1.tlog
d:\workspace\micrium\ucos-vs2017\microsoft\windows\kernel\os3\vs\debug\os3.tlog\cl.read.1.tlog
d:\workspace\micrium\ucos-vs2017\microsoft\windows\kernel\os3\vs\debug\os3.tlog\cl.write.1.tlog
d:\workspace\micrium\ucos-vs2017\microsoft\windows\kernel\os3\vs\debug\os3.tlog\link.command.1.tlog
d:\workspace\micrium\ucos-vs2017\microsoft\windows\kernel\os3\vs\debug\os3.tlog\link.read.1.tlog
d:\workspace\micrium\ucos-vs2017\microsoft\windows\kernel\os3\vs\debug\os3.tlog\link.write.1.tlog
